0 info it worked if it ends with ok
1 verbose cli [ '/usr/bin/nodejs', '/usr/bin/npm', 'install', '-g', 'less' ]
2 info using npm@1.4.21
3 info using node@v0.10.25
4 verbose cache add [ 'less', null ]
5 verbose cache add name=undefined spec="less" args=["less",null]
6 verbose parsed url { protocol: null,
6 verbose parsed url   slashes: null,
6 verbose parsed url   auth: null,
6 verbose parsed url   host: null,
6 verbose parsed url   port: null,
6 verbose parsed url   hostname: null,
6 verbose parsed url   hash: null,
6 verbose parsed url   search: null,
6 verbose parsed url   query: null,
6 verbose parsed url   pathname: 'less',
6 verbose parsed url   path: 'less',
6 verbose parsed url   href: 'less' }
7 silly lockFile 0b439cf4-less less
8 verbose lock less /home/nilo/.npm/0b439cf4-less.lock
9 silly lockFile 0b439cf4-less less
10 silly lockFile 0b439cf4-less less
11 verbose addNamed [ 'less', '' ]
12 verbose addNamed [ null, '*' ]
13 silly lockFile e13833ab-less less@
14 verbose lock less@ /home/nilo/.npm/e13833ab-less.lock
15 silly addNameRange { name: 'less', range: '*', hasData: false }
16 verbose request where is /less
17 verbose request registry https://registry.npmjs.org/
18 verbose request id 782e81935902d8b1
19 verbose url raw /less
20 verbose url resolving [ 'https://registry.npmjs.org/', './less' ]
21 verbose url resolved https://registry.npmjs.org/less
22 verbose request where is https://registry.npmjs.org/less
23 info trying registry request attempt 1 at 20:02:48
24 verbose etag "5G3PF685I1RSOXLKJJOOKN4NQ"
25 http GET https://registry.npmjs.org/less
26 http 304 https://registry.npmjs.org/less
27 silly registry.get cb [ 304,
27 silly registry.get   { date: 'Sat, 14 Nov 2015 19:02:49 GMT',
27 silly registry.get     via: '1.1 varnish',
27 silly registry.get     'cache-control': 'max-age=60',
27 silly registry.get     etag: '"5G3PF685I1RSOXLKJJOOKN4NQ"',
27 silly registry.get     age: '36',
27 silly registry.get     connection: 'keep-alive',
27 silly registry.get     'x-served-by': 'cache-fra1232-FRA',
27 silly registry.get     'x-cache': 'HIT',
27 silly registry.get     'x-cache-hits': '2',
27 silly registry.get     'x-timer': 'S1447527769.161323,VS0,VE0',
27 silly registry.get     vary: 'Accept' } ]
28 verbose etag https://registry.npmjs.org/less from cache
29 silly addNameRange number 2 { name: 'less', range: '*', hasData: true }
30 silly addNameRange versions [ 'less',
30 silly addNameRange   [ '1.0.10',
30 silly addNameRange     '1.0.11',
30 silly addNameRange     '1.0.14',
30 silly addNameRange     '1.0.18',
30 silly addNameRange     '1.0.19',
30 silly addNameRange     '1.0.21',
30 silly addNameRange     '1.0.32',
30 silly addNameRange     '1.0.36',
30 silly addNameRange     '1.0.5',
30 silly addNameRange     '1.0.40',
30 silly addNameRange     '1.0.41',
30 silly addNameRange     '1.0.44',
30 silly addNameRange     '1.1.0',
30 silly addNameRange     '1.1.1',
30 silly addNameRange     '1.1.2',
30 silly addNameRange     '1.1.4',
30 silly addNameRange     '1.1.5',
30 silly addNameRange     '1.1.6',
30 silly addNameRange     '1.2.0',
30 silly addNameRange     '1.2.1',
30 silly addNameRange     '1.2.2',
30 silly addNameRange     '1.3.0',
30 silly addNameRange     '1.3.1',
30 silly addNameRange     '1.3.2',
30 silly addNameRange     '1.3.3',
30 silly addNameRange     '1.4.0-b1',
30 silly addNameRange     '1.4.0-b2',
30 silly addNameRange     '1.4.0-b3',
30 silly addNameRange     '1.4.0-b4',
30 silly addNameRange     '1.4.0',
30 silly addNameRange     '1.4.1',
30 silly addNameRange     '1.4.2',
30 silly addNameRange     '1.5.0-b1',
30 silly addNameRange     '1.5.0-b2',
30 silly addNameRange     '1.5.0-b3',
30 silly addNameRange     '1.5.0-b4',
30 silly addNameRange     '1.5.0',
30 silly addNameRange     '1.5.1',
30 silly addNameRange     '1.6.0',
30 silly addNameRange     '1.6.1',
30 silly addNameRange     '1.6.2',
30 silly addNameRange     '1.6.3',
30 silly addNameRange     '1.7.0',
30 silly addNameRange     '1.7.1',
30 silly addNameRange     '1.7.3',
30 silly addNameRange     '1.7.4',
30 silly addNameRange     '1.7.5',
30 silly addNameRange     '2.0.0-b1',
30 silly addNameRange     '2.0.0-b2',
30 silly addNameRange     '2.0.0-b3',
30 silly addNameRange     '2.0.0',
30 silly addNameRange     '2.1.0',
30 silly addNameRange     '2.1.1',
30 silly addNameRange     '2.1.2',
30 silly addNameRange     '2.2.0',
30 silly addNameRange     '2.3.0',
30 silly addNameRange     '2.3.1',
30 silly addNameRange     '2.4.0',
30 silly addNameRange     '2.5.0',
30 silly addNameRange     '2.5.1',
30 silly addNameRange     '2.5.2',
30 silly addNameRange     '2.5.3' ] ]
31 verbose addNamed [ 'less', '2.5.3' ]
32 verbose addNamed [ '2.5.3', '2.5.3' ]
33 silly lockFile 94eb15c7-less-2-5-3 less@2.5.3
34 verbose lock less@2.5.3 /home/nilo/.npm/94eb15c7-less-2-5-3.lock
35 silly lockFile 57d3c27e-ry-npmjs-org-less-less-2-5-3-tgz https://registry.npmjs.org/less/-/less-2.5.3.tgz
36 verbose lock https://registry.npmjs.org/less/-/less-2.5.3.tgz /home/nilo/.npm/57d3c27e-ry-npmjs-org-less-less-2-5-3-tgz.lock
37 verbose addRemoteTarball [ 'https://registry.npmjs.org/less/-/less-2.5.3.tgz',
37 verbose addRemoteTarball   '9ff586e8a703515fc18dc99c7bc498d2f3ad4849' ]
38 info retry fetch attempt 1 at 20:02:49
39 verbose fetch to= /tmp/npm-21987-6evnc7Oo/registry.npmjs.org/less/-/less-2.5.3.tgz
40 http GET https://registry.npmjs.org/less/-/less-2.5.3.tgz
41 http 200 https://registry.npmjs.org/less/-/less-2.5.3.tgz
42 silly lockFile 57d3c27e-ry-npmjs-org-less-less-2-5-3-tgz https://registry.npmjs.org/less/-/less-2.5.3.tgz
43 silly lockFile 57d3c27e-ry-npmjs-org-less-less-2-5-3-tgz https://registry.npmjs.org/less/-/less-2.5.3.tgz
44 silly lockFile 94eb15c7-less-2-5-3 less@2.5.3
45 silly lockFile 94eb15c7-less-2-5-3 less@2.5.3
46 silly lockFile e13833ab-less less@
47 silly lockFile e13833ab-less less@
48 silly resolved [ { name: 'less',
48 silly resolved     version: '2.5.3',
48 silly resolved     description: 'Leaner CSS',
48 silly resolved     homepage: 'http://lesscss.org',
48 silly resolved     author: { name: 'Alexis Sellier', email: 'self@cloudhead.net' },
48 silly resolved     contributors: [ [Object] ],
48 silly resolved     bugs: { url: 'https://github.com/less/less.js/issues' },
48 silly resolved     repository: { type: 'git', url: 'git+https://github.com/less/less.js.git' },
48 silly resolved     license: 'Apache-2.0',
48 silly resolved     bin: { lessc: './bin/lessc' },
48 silly resolved     main: 'index',
48 silly resolved     directories: { test: './test' },
48 silly resolved     jam: { main: './dist/less.js' },
48 silly resolved     browser: './dist/less.js',
48 silly resolved     engines: { node: '>=0.10.0' },
48 silly resolved     scripts: { test: 'grunt test' },
48 silly resolved     optionalDependencies:
48 silly resolved      { errno: '^0.1.1',
48 silly resolved        'graceful-fs': '^3.0.5',
48 silly resolved        'image-size': '~0.3.5',
48 silly resolved        mime: '^1.2.11',
48 silly resolved        mkdirp: '^0.5.0',
48 silly resolved        promise: '^6.0.1',
48 silly resolved        request: '^2.51.0',
48 silly resolved        'source-map': '^0.4.2' },
48 silly resolved     devDependencies:
48 silly resolved      { diff: '^1.0',
48 silly resolved        grunt: '^0.4.5',
48 silly resolved        'grunt-contrib-clean': '^0.6.0',
48 silly resolved        'grunt-contrib-concat': '^0.5.0',
48 silly resolved        'grunt-contrib-connect': '^0.9.0',
48 silly resolved        'grunt-contrib-jasmine': '^0.8.2',
48 silly resolved        'grunt-contrib-jshint': '^0.11.0',
48 silly resolved        'grunt-contrib-uglify': '^0.8.0',
48 silly resolved        'grunt-jscs': '^1.6.0',
48 silly resolved        'grunt-shell': '^1.1.1',
48 silly resolved        'grunt-browserify': '~3.5.0',
48 silly resolved        'jit-grunt': '^0.9.1',
48 silly resolved        'time-grunt': '^1.0.0',
48 silly resolved        'grunt-saucelabs': '^8.3.2' },
48 silly resolved     keywords:
48 silly resolved      [ 'compile less',
48 silly resolved        'css nesting',
48 silly resolved        'css variable',
48 silly resolved        'css',
48 silly resolved        'gradients css',
48 silly resolved        'gradients css3',
48 silly resolved        'less compiler',
48 silly resolved        'less css',
48 silly resolved        'less mixins',
48 silly resolved        'less',
48 silly resolved        'less.js',
48 silly resolved        'lesscss',
48 silly resolved        'mixins',
48 silly resolved        'nested css',
48 silly resolved        'parser',
48 silly resolved        'preprocessor',
48 silly resolved        'bootstrap css',
48 silly resolved        'bootstrap less',
48 silly resolved        'style',
48 silly resolved        'styles',
48 silly resolved        'stylesheet',
48 silly resolved        'variables in css',
48 silly resolved        'css less' ],
48 silly resolved     gitHead: '33fa72767e7474f3aedbbff83d8343217c08f58a',
48 silly resolved     dependencies:
48 silly resolved      { errno: '^0.1.1',
48 silly resolved        'graceful-fs': '^3.0.5',
48 silly resolved        'image-size': '~0.3.5',
48 silly resolved        mime: '^1.2.11',
48 silly resolved        mkdirp: '^0.5.0',
48 silly resolved        promise: '^6.0.1',
48 silly resolved        request: '^2.51.0',
48 silly resolved        'source-map': '^0.4.2' },
48 silly resolved     _id: 'less@2.5.3',
48 silly resolved     _shasum: '9ff586e8a703515fc18dc99c7bc498d2f3ad4849',
48 silly resolved     _from: 'less@',
48 silly resolved     _npmVersion: '3.3.3',
48 silly resolved     _nodeVersion: '0.12.2',
48 silly resolved     _npmUser: { name: 'agatronic', email: 'luke.a.page@gmail.com' },
48 silly resolved     dist:
48 silly resolved      { shasum: '9ff586e8a703515fc18dc99c7bc498d2f3ad4849',
48 silly resolved        tarball: 'http://registry.npmjs.org/less/-/less-2.5.3.tgz' },
48 silly resolved     maintainers: [ [Object], [Object] ],
48 silly resolved     _resolved: 'https://registry.npmjs.org/less/-/less-2.5.3.tgz' } ]
49 info install less@2.5.3 into /usr/local/lib
50 info installOne less@2.5.3
51 verbose lib/node_modules/less unbuild
52 verbose tar unpack /home/nilo/.npm/less/2.5.3/package.tgz
53 silly lockFile 7a611c47--usr-local-lib-node-modules-less tar:///usr/local/lib/node_modules/less
54 verbose lock tar:///usr/local/lib/node_modules/less /home/nilo/.npm/7a611c47--usr-local-lib-node-modules-less.lock
55 silly lockFile c2e76edc--nilo-npm-less-2-5-3-package-tgz tar:///home/nilo/.npm/less/2.5.3/package.tgz
56 verbose lock tar:///home/nilo/.npm/less/2.5.3/package.tgz /home/nilo/.npm/c2e76edc--nilo-npm-less-2-5-3-package-tgz.lock
57 silly gunzTarPerm modes [ '775', '664' ]
58 error Error: EACCES, mkdir '/usr/local/lib/node_modules/less'
58 error  { [Error: EACCES, mkdir '/usr/local/lib/node_modules/less']
58 error   errno: 3,
58 error   code: 'EACCES',
58 error   path: '/usr/local/lib/node_modules/less',
58 error   fstream_type: 'Directory',
58 error   fstream_path: '/usr/local/lib/node_modules/less',
58 error   fstream_class: 'DirWriter',
58 error   fstream_stack:
58 error    [ '/usr/lib/nodejs/fstream/lib/dir-writer.js:36:23',
58 error      '/usr/lib/nodejs/mkdirp/index.js:46:53',
58 error      'Object.oncomplete (fs.js:107:15)' ] }
59 error Please try running this command again as root/Administrator.
60 error System Linux 3.19.0-15-generic
61 error command "/usr/bin/nodejs" "/usr/bin/npm" "install" "-g" "less"
62 error cwd /home/nilo/Develop/hack/hackathonWebServer/server
63 error node -v v0.10.25
64 error npm -v 1.4.21
65 error path /usr/local/lib/node_modules/less
66 error fstream_path /usr/local/lib/node_modules/less
67 error fstream_type Directory
68 error fstream_class DirWriter
69 error code EACCES
70 error errno 3
71 error stack Error: EACCES, mkdir '/usr/local/lib/node_modules/less'
72 error fstream_stack /usr/lib/nodejs/fstream/lib/dir-writer.js:36:23
72 error fstream_stack /usr/lib/nodejs/mkdirp/index.js:46:53
72 error fstream_stack Object.oncomplete (fs.js:107:15)
73 verbose exit [ 3, true ]
